# JRE version: Java(TM) SE Runtime Environment (8.0_231-b11) (build 1.8.0_231-b11)
# Java VM: Java HotSpot(TM) 64-Bit Server VM (25.231-b11 mixed mode windows-amd64 compressed oops)
Heap:
 PSYoungGen      total 165376K, used 59160K [0x000000076b400000, 0x000000077c180000, 0x00000007c0000000)
  eden space 153088K, 30% used [0x000000076b400000,0x000000076e1c99b0,0x0000000774980000)
  from space 12288K, 99% used [0x0000000774980000,0x000000077557c9a8,0x0000000775580000)
  to   space 17920K, 0% used [0x000000077b000000,0x000000077b000000,0x000000077c180000)
 ParOldGen       total 138752K, used 19652K [0x00000006c1c00000, 0x00000006ca380000, 0x000000076b400000)
  object space 138752K, 14% used [0x00000006c1c00000,0x00000006c2f31300,0x00000006ca380000)
 Metaspace       used 55133K, capacity 57780K, committed 58024K, reserved 1099776K
  class space    used 7564K, capacity 8050K, committed 8104K, reserved 1048576K
GC Heap History (10 events):
Event: 4.564 GC heap before
{Heap before GC invocations=5 (full 1):
 PSYoungGen      total 76288K, used 69700K [0x000000076b400000, 0x0000000772d80000, 0x00000007c0000000)
  eden space 65536K, 100% used [0x000000076b400000,0x000000076f400000,0x000000076f400000)
  from space 10752K, 38% used [0x000000076f400000,0x000000076f8113f0,0x000000076fe80000)
  to   space 10752K, 0% used [0x0000000772300000,0x0000000772300000,0x0000000772d80000)
 ParOldGen       total 100352K, used 9144K [0x00000006c1c00000, 0x00000006c7e00000, 0x000000076b400000)
  object space 100352K, 9% used [0x00000006c1c00000,0x00000006c24ee010,0x00000006c7e00000)
 Metaspace       used 26968K, capacity 28080K, committed 28416K, reserved 1073152K
  class space    used 3530K, capacity 3757K, committed 3840K, reserved 1048576K
Event: 4.570 GC heap after
Heap after GC invocations=5 (full 1):
 PSYoungGen      total 109568K, used 7144K [0x000000076b400000, 0x0000000772b80000, 0x00000007c0000000)
  eden space 100864K, 0% used [0x000000076b400000,0x000000076b400000,0x0000000771680000)
  from space 8704K, 82% used [0x0000000772300000,0x00000007729fa278,0x0000000772b80000)
  to   space 10752K, 0% used [0x0000000771680000,0x0000000771680000,0x0000000772100000)
 ParOldGen       total 100352K, used 9152K [0x00000006c1c00000, 0x00000006c7e00000, 0x000000076b400000)
  object space 100352K, 9% used [0x00000006c1c00000,0x00000006c24f0010,0x00000006c7e00000)
 Metaspace       used 26968K, capacity 28080K, committed 28416K, reserved 1073152K
  class space    used 3530K, capacity 3757K, committed 3840K, reserved 1048576K
}
Event: 5.571 GC heap before
{Heap before GC invocations=6 (full 1):
 PSYoungGen      total 109568K, used 108008K [0x000000076b400000, 0x0000000772b80000, 0x00000007c0000000)
  eden space 100864K, 100% used [0x000000076b400000,0x0000000771680000,0x0000000771680000)
  from space 8704K, 82% used [0x0000000772300000,0x00000007729fa278,0x0000000772b80000)
  to   space 10752K, 0% used [0x0000000771680000,0x0000000771680000,0x0000000772100000)
 ParOldGen       total 100352K, used 9152K [0x00000006c1c00000, 0x00000006c7e00000, 0x000000076b400000)
  object space 100352K, 9% used [0x00000006c1c00000,0x00000006c24f0010,0x00000006c7e00000)
 Metaspace       used 33148K, capacity 34864K, committed 35200K, reserved 1079296K
  class space    used 4355K, capacity 4669K, committed 4736K, reserved 1048576K
Event: 5.578 GC heap after
Heap after GC invocations=6 (full 1):
 PSYoungGen      total 111616K, used 10739K [0x000000076b400000, 0x0000000776200000, 0x00000007c0000000)
  eden space 100864K, 0% used [0x000000076b400000,0x000000076b400000,0x0000000771680000)
  from space 10752K, 99% used [0x0000000771680000,0x00000007720fcc28,0x0000000772100000)
  to   space 12800K, 0% used [0x0000000775580000,0x0000000775580000,0x0000000776200000)
 ParOldGen       total 100352K, used 9623K [0x00000006c1c00000, 0x00000006c7e00000, 0x000000076b400000)
  object space 100352K, 9% used [0x00000006c1c00000,0x00000006c2565e68,0x00000006c7e00000)
 Metaspace       used 33148K, capacity 34864K, committed 35200K, reserved 1079296K
  class space    used 4355K, capacity 4669K, committed 4736K, reserved 1048576K
}
Event: 5.674 GC heap before
{Heap before GC invocations=7 (full 1):
 PSYoungGen      total 111616K, used 18361K [0x000000076b400000, 0x0000000776200000, 0x00000007c0000000)
  eden space 100864K, 7% used [0x000000076b400000,0x000000076bb71ba8,0x0000000771680000)
  from space 10752K, 99% used [0x0000000771680000,0x00000007720fcc28,0x0000000772100000)
  to   space 12800K, 0% used [0x0000000775580000,0x0000000775580000,0x0000000776200000)
 ParOldGen       total 100352K, used 9623K [0x00000006c1c00000, 0x00000006c7e00000, 0x000000076b400000)
  object space 100352K, 9% used [0x00000006c1c00000,0x00000006c2565e68,0x00000006c7e00000)
 Metaspace       used 33700K, capacity 35412K, committed 35496K, reserved 1079296K
  class space    used 4434K, capacity 4745K, committed 4776K, reserved 1048576K
Event: 5.679 GC heap after
Heap after GC invocations=7 (full 1):
 PSYoungGen      total 165888K, used 6986K [0x000000076b400000, 0x0000000777080000, 0x00000007c0000000)
  eden space 153088K, 0% used [0x000000076b400000,0x000000076b400000,0x0000000774980000)
  from space 12800K, 54% used [0x0000000775580000,0x0000000775c52a40,0x0000000776200000)
  to   space 12288K, 0% used [0x0000000774980000,0x0000000774980000,0x0000000775580000)
 ParOldGen       total 100352K, used 9631K [0x00000006c1c00000, 0x00000006c7e00000, 0x000000076b400000)
  object space 100352K, 9% used [0x00000006c1c00000,0x00000006c2567e68,0x00000006c7e00000)
 Metaspace       used 33700K, capacity 35412K, committed 35496K, reserved 1079296K
  class space    used 4434K, capacity 4745K, committed 4776K, reserved 1048576K
}
Event: 5.679 GC heap before
{Heap before GC invocations=8 (full 2):
 PSYoungGen      total 165888K, used 6986K [0x000000076b400000, 0x0000000777080000, 0x00000007c0000000)
  eden space 153088K, 0% used [0x000000076b400000,0x000000076b400000,0x0000000774980000)
  from space 12800K, 54% used [0x0000000775580000,0x0000000775c52a40,0x0000000776200000)
  to   space 12288K, 0% used [0x0000000774980000,0x0000000774980000,0x0000000775580000)
 ParOldGen       total 100352K, used 9631K [0x00000006c1c00000, 0x00000006c7e00000, 0x000000076b400000)
  object space 100352K, 9% used [0x00000006c1c00000,0x00000006c2567e68,0x00000006c7e00000)
 Metaspace       used 33700K, capacity 35412K, committed 35496K, reserved 1079296K
  class space    used 4434K, capacity 4745K, committed 4776K, reserved 1048576K
Event: 5.716 GC heap after
Heap after GC invocations=8 (full 2):
 PSYoungGen      total 165888K, used 0K [0x000000076b400000, 0x0000000777080000, 0x00000007c0000000)
  eden space 153088K, 0% used [0x000000076b400000,0x000000076b400000,0x0000000774980000)
  from space 12800K, 0% used [0x0000000775580000,0x0000000775580000,0x0000000776200000)
  to   space 12288K, 0% used [0x0000000774980000,0x0000000774980000,0x0000000775580000)
 ParOldGen       total 138752K, used 11534K [0x00000006c1c00000, 0x00000006ca380000, 0x000000076b400000)
  object space 138752K, 8% used [0x00000006c1c00000,0x00000006c2743988,0x00000006ca380000)
 Metaspace       used 33700K, capacity 35412K, committed 35496K, reserved 1079296K
  class space    used 4434K, capacity 4745K, committed 4776K, reserved 1048576K
}
Event: 8.107 GC heap before
{Heap before GC invocations=9 (full 2):
 PSYoungGen      total 165888K, used 153088K [0x000000076b400000, 0x0000000777080000, 0x00000007c0000000)
  eden space 153088K, 100% used [0x000000076b400000,0x0000000774980000,0x0000000774980000)
  from space 12800K, 0% used [0x0000000775580000,0x0000000775580000,0x0000000776200000)
  to   space 12288K, 0% used [0x0000000774980000,0x0000000774980000,0x0000000775580000)
 ParOldGen       total 138752K, used 11534K [0x00000006c1c00000, 0x00000006ca380000, 0x000000076b400000)
  object space 138752K, 8% used [0x00000006c1c00000,0x00000006c2743988,0x00000006ca380000)
 Metaspace       used 51423K, capacity 53484K, committed 53800K, reserved 1095680K
  class space    used 7041K, capacity 7411K, committed 7464K, reserved 1048576K
Event: 8.121 GC heap after
Heap after GC invocations=9 (full 2):
 PSYoungGen      total 165376K, used 12274K [0x000000076b400000, 0x000000077c180000, 0x00000007c0000000)
  eden space 153088K, 0% used [0x000000076b400000,0x000000076b400000,0x0000000774980000)
  from space 12288K, 99% used [0x0000000774980000,0x000000077557c9a8,0x0000000775580000)
  to   space 17920K, 0% used [0x000000077b000000,0x000000077b000000,0x000000077c180000)
 ParOldGen       total 138752K, used 19652K [0x00000006c1c00000, 0x00000006ca380000, 0x000000076b400000)
  object space 138752K, 14% used [0x00000006c1c00000,0x00000006c2f31300,0x00000006ca380000)
 Metaspace       used 51423K, capacity 53484K, committed 53800K, reserved 1095680K
  class space    used 7041K, capacity 7411K, committed 7464K, reserved 1048576K
}

